<?xml version="1.0" encoding="UTF-8"?>
<testng-results ignored="0" total="0" passed="0" failed="0" skipped="0">
  <reporter-output>
  </reporter-output>
  <suite started-at="2022-06-29T13:45:37 CDT" name="Default suite" finished-at="2022-06-29T13:45:37 CDT" duration-ms="169">
    <groups>
      <group name="cucumber">
        <method signature="AbstractTestNGCucumberTests.runScenario(io.cucumber.testng.PickleWrapper,io.cucumber.testng.FeatureWrapper)[pri:0, instance:runnersStore.RunnerN1@3ce1e309]" name="runScenario" class="io.cucumber.testng.AbstractTestNGCucumberTests"/>
      </group> <!-- cucumber -->
    </groups>
    <test started-at="2022-06-29T13:45:37 CDT" name="Default test" finished-at="2022-06-29T13:45:37 CDT" duration-ms="169">
      <class name="runnersStore.RunnerN1">
        <test-method is-config="true" signature="setUpClass(org.testng.ITestContext)[pri:0, instance:runnersStore.RunnerN1@3ce1e309]" started-at="2022-06-29T13:45:37 CDT" name="setUpClass" finished-at="2022-06-29T13:45:37 CDT" duration-ms="132" status="PASS">
          <params>
            <param index="0">
              <value>
                <![CDATA[org.testng.TestRunner@aba625]]>
              </value>
            </param>
          </params>
          <reporter-output>
          </reporter-output>
        </test-method> <!-- setUpClass -->
        <test-method is-config="true" signature="tearDownClass()[pri:0, instance:runnersStore.RunnerN1@3ce1e309]" started-at="2022-06-29T13:45:37 CDT" name="tearDownClass" finished-at="2022-06-29T13:45:37 CDT" duration-ms="7" status="PASS">
          <reporter-output>
          </reporter-output>
        </test-method> <!-- tearDownClass -->
      </class> <!-- runnersStore.RunnerN1 -->
    </test> <!-- Default test -->
  </suite> <!-- Default suite -->
</testng-results>
